<?xml version="1.0" encoding="UTF-8"?>
<testsuite xmlns:xsi="http://www.w3.org/2001/XMLSchema-instance" xsi:noNamespaceSchemaLocation="https://maven.apache.org/surefire/maven-surefire-plugin/xsd/surefire-test-report-3.0.xsd" version="3.0" name="edu.sc.csce747.MeetingPlanner.CalendarExtraTest" time="0.023" tests="4" errors="0" skipped="0" failures="0">
  <properties>
[...]
</properties>
  <testcase name="testAddMeeting_onMarkedNonexistentDay_allowsMeeting" classname="edu.sc.csce747.MeetingPlanner.CalendarExtraTest" time="0.002"/>
  <testcase name="testCheckTimes_invalidStartHour_shouldThrow" classname="edu.sc.csce747.MeetingPlanner.CalendarExtraTest" time="0.0"/>
  <testcase name="testCheckTimes_invalidEndHour_shouldThrow" classname="edu.sc.csce747.MeetingPlanner.CalendarExtraTest" time="0.0"/>
  <testcase name="testClearSchedule_and_getRemoveMeeting" classname="edu.sc.csce747.MeetingPlanner.CalendarExtraTest" time="0.0"/>
</testsuite>