<?xml version="1.0" encoding="UTF-8"?>
<testsuite xmlns:xsi="http://www.w3.org/2001/XMLSchema-instance" xsi:noNamespaceSchemaLocation="https://maven.apache.org/surefire/maven-surefire-plugin/xsd/surefire-test-report-3.0.xsd" version="3.0" name="edu.sc.csce747.MeetingPlanner.PlannerInterfaceScheduleMeetingTest" time="0.003" tests="3" errors="0" skipped="0" failures="0">
  <properties>
[...]
</properties>
  <testcase name="testScheduleMeeting_attendeeConflict_printsMessage" classname="edu.sc.csce747.MeetingPlanner.PlannerInterfaceScheduleMeetingTest" time="0.002">
    <system-out><![CDATA[The rooms open at that time are:
2A01
2A02
2A03
2A04
2A05
The people available to attend at that time are:
Greg Gay
Manton Matthews
John Rose
Ryan Austin
Csilla Farkas
]]></system-out>
  </testcase>
  <testcase name="testScheduleMeeting_multiAttendee_withOneMissing" classname="edu.sc.csce747.MeetingPlanner.PlannerInterfaceScheduleMeetingTest" time="0.0">
    <system-out><![CDATA[The rooms open at that time are:
2A01
2A02
2A03
2A04
2A05
The people available to attend at that time are:
Greg Gay
Manton Matthews
John Rose
Ryan Austin
Csilla Farkas
Requested employee does not exist
]]></system-out>
  </testcase>
  <testcase name="testScheduleMeeting_roomConflict_preventsNewMeeting" classname="edu.sc.csce747.MeetingPlanner.PlannerInterfaceScheduleMeetingTest" time="0.0">
    <system-out><![CDATA[The rooms open at that time are:
2A01
2A02
2A03
2A04
2A05
The people available to attend at that time are:
Greg Gay
Manton Matthews
John Rose
Ryan Austin
Csilla Farkas
]]></system-out>
  </testcase>
</testsuite>