<?xml version="1.0" encoding="UTF-8"?>
<testsuite xmlns:xsi="http://www.w3.org/2001/XMLSchema-instance" xsi:noNamespaceSchemaLocation="https://maven.apache.org/surefire/maven-surefire-plugin/xsd/surefire-test-report-3.0.xsd" version="3.0" name="edu.sc.csce747.MeetingPlanner.MeetingTest" time="0.001" tests="4" errors="0" skipped="0" failures="0">
  <properties>
[...]
</properties>
  <testcase name="testAddRemoveAttendee" classname="edu.sc.csce747.MeetingPlanner.MeetingTest" time="0.0"/>
  <testcase name="testToString_includesKeyDetails" classname="edu.sc.csce747.MeetingPlanner.MeetingTest" time="0.0"/>
  <testcase name="testDayConstructor_allDayMeeting" classname="edu.sc.csce747.MeetingPlanner.MeetingTest" time="0.0"/>
  <testcase name="testDetailedConstructor_andGetters" classname="edu.sc.csce747.MeetingPlanner.MeetingTest" time="0.0"/>
</testsuite>