<?xml version="1.0" encoding="UTF-8"?>
<testsuite xmlns:xsi="http://www.w3.org/2001/XMLSchema-instance" xsi:noNamespaceSchemaLocation="https://maven.apache.org/surefire/maven-surefire-plugin/xsd/surefire-test-report-3.0.xsd" version="3.0" name="edu.sc.csce747.MeetingPlanner.PlannerInterfaceTest" time="0.007" tests="6" errors="1" skipped="0" failures="0">
  <properties>
[...]
</properties>
  <testcase name="testCheckRoomAndEmployeeAvailability_andAgendas" classname="edu.sc.csce747.MeetingPlanner.PlannerInterfaceTest" time="0.001">
    <system-out><![CDATA[The rooms open at that time are:
2A01
2A02
2A03
2A04
2A05
The people available to attend at that time are:
Greg Gay
Manton Matthews
John Rose
Ryan Austin
Csilla Farkas
Which of the following rooms are you interested in?
2A01
2A02
2A03
2A04
2A05
Agenda for 1:

Which of the following people are you interested in?
Greg Gay
Manton Matthews
John Rose
Ryan Austin
Csilla Farkas
Agenda for 1:

]]></system-out>
  </testcase>
  <testcase name="testScheduleVacation_basicFlow" classname="edu.sc.csce747.MeetingPlanner.PlannerInterfaceTest" time="0.0">
    <system-out><![CDATA[Which person will be taking the vacation:
Greg Gay
Manton Matthews
John Rose
Ryan Austin
Csilla Farkas
]]></system-out>
  </testcase>
  <testcase name="testScheduleMeeting_invalidRoom_thenValid" classname="edu.sc.csce747.MeetingPlanner.PlannerInterfaceTest" time="0.001">
    <system-out><![CDATA[The rooms open at that time are:
2A01
2A02
2A03
2A04
2A05
Requested room does not exist
The people available to attend at that time are:
Greg Gay
Manton Matthews
John Rose
Ryan Austin
Csilla Farkas
]]></system-out>
  </testcase>
  <testcase name="testScheduleMeeting_basicFlow" classname="edu.sc.csce747.MeetingPlanner.PlannerInterfaceTest" time="0.0">
    <system-out><![CDATA[The rooms open at that time are:
2A01
2A02
2A03
2A04
2A05
The people available to attend at that time are:
Greg Gay
Manton Matthews
John Rose
Ryan Austin
Csilla Farkas
]]></system-out>
  </testcase>
  <testcase name="testScheduleMeeting_attendeeNotFound" classname="edu.sc.csce747.MeetingPlanner.PlannerInterfaceTest" time="0.0">
    <system-out><![CDATA[The rooms open at that time are:
2A01
2A02
2A03
2A04
2A05
The people available to attend at that time are:
Greg Gay
Manton Matthews
John Rose
Ryan Austin
Csilla Farkas
Requested employee does not exist
]]></system-out>
  </testcase>
  <testcase name="testScheduleVacation_multiMonthBooking" classname="edu.sc.csce747.MeetingPlanner.PlannerInterfaceTest" time="0.004">
    <error message="Cannot invoke &quot;edu.sc.csce747.MeetingPlanner.Room.getID()&quot; because &quot;this.room&quot; is null" type="java.lang.NullPointerException"><![CDATA[java.lang.NullPointerException: Cannot invoke "edu.sc.csce747.MeetingPlanner.Room.getID()" because "this.room" is null
	at edu.sc.csce747.MeetingPlanner.Meeting.toString(Meeting.java:103)
	at edu.sc.csce747.MeetingPlanner.Calendar.printAgenda(Calendar.java:197)
	at edu.sc.csce747.MeetingPlanner.Person.printAgenda(Person.java:52)
	at edu.sc.csce747.MeetingPlanner.PlannerService.lambda$0(PlannerService.java:59)
	at edu.sc.csce747.MeetingPlanner.PlannerService.scheduleVacation(PlannerService.java:77)
	at edu.sc.csce747.MeetingPlanner.PlannerInterface.scheduleVacation(PlannerInterface.java:231)
	at edu.sc.csce747.MeetingPlanner.PlannerInterfaceTest.testScheduleVacation_multiMonthBooking(PlannerInterfaceTest.java:85)
	at java.base/jdk.internal.reflect.NativeMethodAccessorImpl.invoke0(Native Method)
	at java.base/jdk.internal.reflect.NativeMethodAccessorImpl.invoke(NativeMethodAccessorImpl.java:77)
	at java.base/jdk.internal.reflect.DelegatingMethodAccessorImpl.invoke(DelegatingMethodAccessorImpl.java:43)
	at java.base/java.lang.reflect.Method.invoke(Method.java:569)
	at org.junit.runners.model.FrameworkMethod$1.runReflectiveCall(FrameworkMethod.java:59)
	at org.junit.internal.runners.model.ReflectiveCallable.run(ReflectiveCallable.java:12)
	at org.junit.runners.model.FrameworkMethod.invokeExplosively(FrameworkMethod.java:56)
	at org.junit.internal.runners.statements.InvokeMethod.evaluate(InvokeMethod.java:17)
	at org.junit.runners.ParentRunner$3.evaluate(ParentRunner.java:306)
	at org.junit.runners.BlockJUnit4ClassRunner$1.evaluate(BlockJUnit4ClassRunner.java:100)
	at org.junit.runners.ParentRunner.runLeaf(ParentRunner.java:366)
	at org.junit.runners.BlockJUnit4ClassRunner.runChild(BlockJUnit4ClassRunner.java:103)
	at org.junit.runners.BlockJUnit4ClassRunner.runChild(BlockJUnit4ClassRunner.java:63)
	at org.junit.runners.ParentRunner$4.run(ParentRunner.java:331)
	at org.junit.runners.ParentRunner$1.schedule(ParentRunner.java:79)
	at org.junit.runners.ParentRunner.runChildren(ParentRunner.java:329)
	at org.junit.runners.ParentRunner.access$100(ParentRunner.java:66)
	at org.junit.runners.ParentRunner$2.evaluate(ParentRunner.java:293)
	at org.junit.runners.ParentRunner$3.evaluate(ParentRunner.java:306)
	at org.junit.runners.ParentRunner.run(ParentRunner.java:413)
	at org.apache.maven.surefire.junit4.JUnit4Provider.execute(JUnit4Provider.java:316)
	at org.apache.maven.surefire.junit4.JUnit4Provider.executeWithRerun(JUnit4Provider.java:240)
	at org.apache.maven.surefire.junit4.JUnit4Provider.executeTestSet(JUnit4Provider.java:214)
	at org.apache.maven.surefire.junit4.JUnit4Provider.invoke(JUnit4Provider.java:155)
	at org.apache.maven.surefire.booter.ForkedBooter.runSuitesInProcess(ForkedBooter.java:385)
	at org.apache.maven.surefire.booter.ForkedBooter.execute(ForkedBooter.java:162)
	at org.apache.maven.surefire.booter.ForkedBooter.run(ForkedBooter.java:507)
	at org.apache.maven.surefire.booter.ForkedBooter.main(ForkedBooter.java:495)
]]></error>
    <system-out><![CDATA[Which person will be taking the vacation:
Greg Gay
Manton Matthews
John Rose
Ryan Austin
Csilla Farkas
]]></system-out>
  </testcase>
</testsuite>